pnlAddPane();
nil
1
designOpen("C:/Users/IDEAL/Desktop/CA1/part 2/ShR4bit.tr0");
nil
designOpen("C:\\Users\\IDEAL\\Desktop\\CA1\\part 2\\ShR4bit.sp");
"D0"
t
pnlAddCurve(1, node(D0,"A0","v(clk)"), node(D0,"A0","TIME"));
nil
pnlAddCurve(1, node(D0,"A0","v(serial_input)"), node(D0,"A0","TIME"));
nil
pnlAddCurve(1, node(D0,"A0","v(serial_output)"), node(D0,"A0","TIME"));
nil
pnlDelCurve(1, node(D0,"A0","v(serial_input)"), node(D0,"A0","TIME"));
nil
pnlDelCurve(1, node(D0,"A0","v(serial_output)"), node(D0,"A0","TIME"));
nil
pnlAddPane();
nil
nil
2
pnlUnselectPane(2, 0);
nil
pnlSelectPane(2);
nil
pnlAddPane();
nil
nil
3
pnlUnselectPane(3, 0);
nil
pnlSelectPane(2);
nil
pnlAddCurve(2, node(D0,"A0","v(serial_input)"), node(D0,"A0","TIME"));
nil
pnlUnselectPane(2, 0);
nil
pnlSelectPane(3);
nil
pnlAddCurve(3, node(D0,"A0","v(serial_output)"), node(D0,"A0","TIME"));
nil
quit();
exit
pnlDeletePane(3, 1);
nil
nil
nil
pnlDeletePane(2, 1);
nil
nil
pnlDeletePane(1, 1);
nil
nil
